2024-05-13 16:50:12.027 [info] Extension host with pid 3683 started
2024-05-13 16:50:12.051 [info] ExtensionService#_doActivateExtension vscode.emmet, startup: false, activationEvent: 'onLanguage'
2024-05-13 16:50:12.198 [info] ExtensionService#_doActivateExtension vscode.php-language-features, startup: false, activationEvent: 'onLanguage:php'
2024-05-13 16:50:12.551 [info] ExtensionService#_doActivateExtension vscode.git-base, startup: true, activationEvent: '*', root cause: vscode.git
2024-05-13 16:50:12.885 [info] ExtensionService#_doActivateExtension vscode.git, startup: true, activationEvent: '*'
2024-05-13 16:50:13.218 [info] ExtensionService#_doActivateExtension vscode.github, startup: true, activationEvent: '*'
2024-05-13 16:50:13.419 [info] Eager extensions activated
2024-05-13 16:50:13.458 [info] ExtensionService#_doActivateExtension vscode.debug-auto-launch, startup: false, activationEvent: 'onStartupFinished'
2024-05-13 16:50:13.506 [info] ExtensionService#_doActivateExtension vscode.merge-conflict, startup: false, activationEvent: 'onStartupFinished'
2024-05-13 16:50:54.351 [info] Extension host terminating: renderer closed the MessagePort
2024-05-13 16:50:54.358 [info] Extension host with pid 3683 exiting with code 0
2024-05-13 16:50:56.336 [info] Extension host with pid 3789 started
2024-05-13 16:50:56.336 [info] Skipping acquiring lock for /home/mozaldy/.config/Code - OSS/User/workspaceStorage/86898d5fb4e8471d3977df608bde081a.
2024-05-13 16:50:56.375 [info] ExtensionService#_doActivateExtension vscode.git-base, startup: true, activationEvent: '*', root cause: vscode.git
2024-05-13 16:50:56.402 [info] ExtensionService#_doActivateExtension vscode.git, startup: true, activationEvent: '*'
2024-05-13 16:50:56.445 [info] ExtensionService#_doActivateExtension vscode.github, startup: true, activationEvent: '*'
2024-05-13 16:50:56.532 [info] Eager extensions activated
2024-05-13 16:50:56.585 [info] ExtensionService#_doActivateExtension vscode.debug-auto-launch, startup: false, activationEvent: 'onStartupFinished'
2024-05-13 16:50:56.588 [info] ExtensionService#_doActivateExtension vscode.merge-conflict, startup: false, activationEvent: 'onStartupFinished'
2024-05-13 16:51:02.230 [info] ExtensionService#_doActivateExtension vscode.php-language-features, startup: false, activationEvent: 'onLanguage:php'
2024-05-13 16:51:02.239 [info] ExtensionService#_doActivateExtension vscode.emmet, startup: false, activationEvent: 'onLanguage'
2024-05-13 17:33:20.915 [info] Extension host terminating: renderer closed the MessagePort
2024-05-13 17:33:20.928 [info] Extension host with pid 3789 exiting with code 0
